#
# There is insufficient memory for the Java Runtime Environment to continue.
# Native memory allocation (malloc) failed to allocate 240096 bytes. Error detail: Chunk::new
# Possible reasons:
#   The system is out of physical RAM or swap space
#   This process is running with CompressedOops enabled, and the Java Heap may be blocking the growth of the native heap
# Possible solutions:
#   Reduce memory load on the system
#   Increase physical memory or swap space
#   Check if swap backing store is full
#   Decrease Java heap size (-Xmx/-Xms)
#   Decrease number of Java threads
#   Decrease Java thread stack sizes (-Xss)
#   Set larger code cache with -XX:ReservedCodeCacheSize=
#   JVM is running with Zero Based Compressed Oops mode in which the Java heap is
#     placed in the first 32GB address space. The Java Heap base address is the
#     maximum limit for the native heap growth. Please use -XX:HeapBaseMinAddress
#     to set the Java Heap base and to place the Java Heap above 32GB virtual address.
# This output file may be truncated or incomplete.
#
#  Out of Memory Error (arena.cpp:191), pid=20008, tid=45128
#
# JRE version: OpenJDK Runtime Environment Corretto-17.0.14.7.1 (17.0.14+7) (build 17.0.14+7-LTS)
# Java VM: OpenJDK 64-Bit Server VM Corretto-17.0.14.7.1 (17.0.14+7-LTS, mixed mode, sharing, tiered, compressed oops, compressed class ptrs, g1 gc, windows-amd64)
# No core dump will be written. Minidumps are not enabled by default on client versions of Windows
#

---------------  S U M M A R Y ------------

Command Line: -Dmaven.multiModuleProjectDirectory=C:\Development\retirementCalculator -Djansi.passthrough=true -Dmaven.home=C:\Users\jess.dworcan\.m2\wrapper\dists\apache-maven-3.9.9-bin\4nf9hui3q3djbarqar9g711ggc\apache-maven-3.9.9 -Dclassworlds.conf=C:\Users\jess.dworcan\.m2\wrapper\dists\apache-maven-3.9.9-bin\4nf9hui3q3djbarqar9g711ggc\apache-maven-3.9.9\bin\m2.conf -Dmaven.ext.class.path=C:\Program Files\JetBrains\IntelliJ IDEA Community Edition 2024.2.3\plugins\maven\lib\maven-event-listener.jar -javaagent:C:\Program Files\JetBrains\IntelliJ IDEA Community Edition 2024.2.3\lib\idea_rt.jar=62112:C:\Program Files\JetBrains\IntelliJ IDEA Community Edition 2024.2.3\bin -Dfile.encoding=UTF-8 org.codehaus.classworlds.Launcher -Didea.version=2024.2.3 clean install

Host: 13th Gen Intel(R) Core(TM) i7-13650HX, 20 cores, 15G,  Windows 11 , 64 bit Build 22621 (10.0.22621.5262)
Time: Tue May 20 11:59:22 2025 South Africa Standard Time elapsed time: 6.950471 seconds (0d 0h 0m 6s)

---------------  T H R E A D  ---------------

Current thread (0x0000022ba85b9930):  JavaThread "C2 CompilerThread0" daemon [_thread_in_native, id=45128, stack(0x000000b720300000,0x000000b720400000)]


Current CompileTask:
C2:   6950 3654       4       org.apache.maven.model.ConfigurationContainer::setLocation (156 bytes)

Stack: [0x000000b720300000,0x000000b720400000]
Native frames: (J=compiled Java code, j=interpreted, Vv=VM code, C=native code)
V  [jvm.dll+0x681069]
V  [jvm.dll+0x838cca]
V  [jvm.dll+0x83a78e]
V  [jvm.dll+0x83adf3]
V  [jvm.dll+0x24826f]
V  [jvm.dll+0xac9f4]
V  [jvm.dll+0xad03c]
V  [jvm.dll+0x2af8ef]
V  [jvm.dll+0x5874f7]
V  [jvm.dll+0x2230d2]
V  [jvm.dll+0x2234cf]
V  [jvm.dll+0x21c5e0]
V  [jvm.dll+0x219ae1]
V  [jvm.dll+0x1a599d]
V  [jvm.dll+0x22994d]
V  [jvm.dll+0x227adc]
V  [jvm.dll+0x7edb77]
V  [jvm.dll+0x7e7f6c]
V  [jvm.dll+0x67ff37]
C  [ucrtbase.dll+0x29333]
C  [KERNEL32.DLL+0x1259d]
C  [ntdll.dll+0x5af58]


---------------  P R O C E S S  ---------------

Threads class SMR info:
_java_thread_list=0x0000022bef4e9210, length=19, elements={
0x0000022b84790b30, 0x0000022ba85a09e0, 0x0000022ba85a1860, 0x0000022ba85b35d0,
0x0000022ba85b5700, 0x0000022ba85b81d0, 0x0000022ba85b8b90, 0x0000022ba85b9930,
0x0000022ba85be3f0, 0x0000022ba85bedf0, 0x0000022ba867b4f0, 0x0000022ba8722eb0,
0x0000022ba87f3d10, 0x0000022ba87f41f0, 0x0000022bee055280, 0x0000022bee3f35d0,
0x0000022bee3f4e60, 0x0000022bef0b61b0, 0x0000022beefe1410
}

Java Threads: ( => current thread )
  0x0000022b84790b30 JavaThread "main" [_thread_in_native, id=26940, stack(0x000000b71f600000,0x000000b71f700000)]
  0x0000022ba85a09e0 JavaThread "Reference Handler" daemon [_thread_blocked, id=50964, stack(0x000000b71fd00000,0x000000b71fe00000)]
  0x0000022ba85a1860 JavaThread "Finalizer" daemon [_thread_blocked, id=38736, stack(0x000000b71fe00000,0x000000b71ff00000)]
  0x0000022ba85b35d0 JavaThread "Signal Dispatcher" daemon [_thread_blocked, id=46836, stack(0x000000b71ff00000,0x000000b720000000)]
  0x0000022ba85b5700 JavaThread "Attach Listener" daemon [_thread_blocked, id=53088, stack(0x000000b720000000,0x000000b720100000)]
  0x0000022ba85b81d0 JavaThread "Service Thread" daemon [_thread_blocked, id=12608, stack(0x000000b720100000,0x000000b720200000)]
  0x0000022ba85b8b90 JavaThread "Monitor Deflation Thread" daemon [_thread_blocked, id=20844, stack(0x000000b720200000,0x000000b720300000)]
=>0x0000022ba85b9930 JavaThread "C2 CompilerThread0" daemon [_thread_in_native, id=45128, stack(0x000000b720300000,0x000000b720400000)]
  0x0000022ba85be3f0 JavaThread "C1 CompilerThread0" daemon [_thread_blocked, id=26596, stack(0x000000b720400000,0x000000b720500000)]
  0x0000022ba85bedf0 JavaThread "Sweeper thread" daemon [_thread_blocked, id=36156, stack(0x000000b720500000,0x000000b720600000)]
  0x0000022ba867b4f0 JavaThread "C1 CompilerThread1" daemon [_thread_blocked, id=17656, stack(0x000000b720600000,0x000000b720700000)]
  0x0000022ba8722eb0 JavaThread "Common-Cleaner" daemon [_thread_blocked, id=53916, stack(0x000000b720700000,0x000000b720800000)]
  0x0000022ba87f3d10 JavaThread "Monitor Ctrl-Break" daemon [_thread_in_native, id=25864, stack(0x000000b720b00000,0x000000b720c00000)]
  0x0000022ba87f41f0 JavaThread "Notification Thread" daemon [_thread_blocked, id=38932, stack(0x000000b720c00000,0x000000b720d00000)]
  0x0000022bee055280 JavaThread "cleanup" daemon [_thread_in_native, id=10252, stack(0x000000b720800000,0x000000b720900000)]
  0x0000022bee3f35d0 JavaThread "C1 CompilerThread2" daemon [_thread_blocked, id=33492, stack(0x000000b720a00000,0x000000b720b00000)]
  0x0000022bee3f4e60 JavaThread "C1 CompilerThread3" daemon [_thread_blocked, id=51116, stack(0x000000b720e00000,0x000000b720f00000)]
  0x0000022bef0b61b0 JavaThread "Thread-1" daemon [_thread_blocked, id=19164, stack(0x000000b721700000,0x000000b721800000)]
  0x0000022beefe1410 JavaThread "C2 CompilerThread1" daemon [_thread_in_native, id=23724, stack(0x000000b720900000,0x000000b720a00000)]

Other Threads:
  0x0000022ba859af40 VMThread "VM Thread" [stack: 0x000000b71fc00000,0x000000b71fd00000] [id=57552]
  0x0000022ba8795790 WatcherThread [stack: 0x000000b720d00000,0x000000b720e00000] [id=49448]
  0x0000022b847f9310 GCTaskThread "GC Thread#0" [stack: 0x000000b71f700000,0x000000b71f800000] [id=26332]
  0x0000022bee593ef0 GCTaskThread "GC Thread#1" [stack: 0x000000b720f00000,0x000000b721000000] [id=62564]
  0x0000022bee73ad60 GCTaskThread "GC Thread#2" [stack: 0x000000b721000000,0x000000b721100000] [id=57904]
  0x0000022ba88b5de0 GCTaskThread "GC Thread#3" [stack: 0x000000b721100000,0x000000b721200000] [id=60444]
  0x0000022bee691df0 GCTaskThread "GC Thread#4" [stack: 0x000000b721200000,0x000000b721300000] [id=21148]
  0x0000022bee5e6a20 GCTaskThread "GC Thread#5" [stack: 0x000000b721300000,0x000000b721400000] [id=32220]
  0x0000022bee6da830 GCTaskThread "GC Thread#6" [stack: 0x000000b721400000,0x000000b721500000] [id=42280]
  0x0000022beecd0ec0 GCTaskThread "GC Thread#7" [stack: 0x000000b721500000,0x000000b721600000] [id=15640]
  0x0000022beeba5e10 GCTaskThread "GC Thread#8" [stack: 0x000000b721600000,0x000000b721700000] [id=27912]
  0x0000022b8480a540 ConcurrentGCThread "G1 Main Marker" [stack: 0x000000b71f800000,0x000000b71f900000] [id=26924]
  0x0000022b8480af60 ConcurrentGCThread "G1 Conc#0" [stack: 0x000000b71f900000,0x000000b71fa00000] [id=4060]
  0x0000022b8483e930 ConcurrentGCThread "G1 Refine#0" [stack: 0x000000b71fa00000,0x000000b71fb00000] [id=35276]
  0x0000022ba811f220 ConcurrentGCThread "G1 Service" [stack: 0x000000b71fb00000,0x000000b71fc00000] [id=41064]

Threads with active compile tasks:
C2 CompilerThread0     7154 3654       4       org.apache.maven.model.ConfigurationContainer::setLocation (156 bytes)
C2 CompilerThread1     7154 3641       4       org.codehaus.plexus.util.xml.Xpp3Dom::<init> (125 bytes)

VM state: not at safepoint (normal execution)

VM Mutex/Monitor currently owned by a thread: None

Heap address: 0x0000000704c00000, size: 4020 MB, Compressed Oops mode: Zero based, Oop shift amount: 3

CDS archive(s) mapped at: [0x0000022ba9000000-0x0000022ba9bb0000-0x0000022ba9bb0000), size 12255232, SharedBaseAddress: 0x0000022ba9000000, ArchiveRelocationMode: 1.
Compressed class space mapped at: 0x0000022baa000000-0x0000022bea000000, reserved size: 1073741824
Narrow klass base: 0x0000022ba9000000, Narrow klass shift: 0, Narrow klass range: 0x100000000

GC Precious Log:
 CPUs: 20 total, 20 available
 Memory: 16076M
 Large Page Support: Disabled
 NUMA Support: Disabled
 Compressed Oops: Enabled (Zero based)
 Heap Region Size: 2M
 Heap Min Capacity: 8M
 Heap Initial Capacity: 252M
 Heap Max Capacity: 4020M
 Pre-touch: Disabled
 Parallel Workers: 15
 Concurrent Workers: 4
 Concurrent Refinement Workers: 15
 Periodic GC: Disabled

Heap:
 garbage-first heap   total 258048K, used 71331K [0x0000000704c00000, 0x0000000800000000)
  region size 2048K, 34 young (69632K), 1 survivors (2048K)
 Metaspace       used 15842K, committed 16064K, reserved 1114112K
  class space    used 1876K, committed 1984K, reserved 1048576K

Heap Regions: E=young(eden), S=young(survivor), O=old, HS=humongous(starts), HC=humongous(continues), CS=collection set, F=free, OA=open archive, CA=closed archive, TAMS=top-at-mark-start (previous, next)
|   0|0x0000000704c00000, 0x0000000704e00000, 0x0000000704e00000|100%| O|  |TAMS 0x0000000704c00000, 0x0000000704c00000| Untracked 
|   1|0x0000000704e00000, 0x0000000704fe3200, 0x0000000705000000| 94%| O|  |TAMS 0x0000000704e00000, 0x0000000704e00000| Untracked 
|   2|0x0000000705000000, 0x0000000705000000, 0x0000000705200000|  0%| F|  |TAMS 0x0000000705000000, 0x0000000705000000| Untracked 
|   3|0x0000000705200000, 0x0000000705200000, 0x0000000705400000|  0%| F|  |TAMS 0x0000000705200000, 0x0000000705200000| Untracked 
|   4|0x0000000705400000, 0x0000000705400000, 0x0000000705600000|  0%| F|  |TAMS 0x0000000705400000, 0x0000000705400000| Untracked 
|   5|0x0000000705600000, 0x0000000705600000, 0x0000000705800000|  0%| F|  |TAMS 0x0000000705600000, 0x0000000705600000| Untracked 
|   6|0x0000000705800000, 0x0000000705800000, 0x0000000705a00000|  0%| F|  |TAMS 0x0000000705800000, 0x0000000705800000| Untracked 
|   7|0x0000000705a00000, 0x0000000705a00000, 0x0000000705c00000|  0%| F|  |TAMS 0x0000000705a00000, 0x0000000705a00000| Untracked 
|   8|0x0000000705c00000, 0x0000000705c00000, 0x0000000705e00000|  0%| F|  |TAMS 0x0000000705c00000, 0x0000000705c00000| Untracked 
|   9|0x0000000705e00000, 0x0000000705e00000, 0x0000000706000000|  0%| F|  |TAMS 0x0000000705e00000, 0x0000000705e00000| Untracked 
|  10|0x0000000706000000, 0x0000000706000000, 0x0000000706200000|  0%| F|  |TAMS 0x0000000706000000, 0x0000000706000000| Untracked 
|  11|0x0000000706200000, 0x0000000706200000, 0x0000000706400000|  0%| F|  |TAMS 0x0000000706200000, 0x0000000706200000| Untracked 
|  12|0x0000000706400000, 0x0000000706400000, 0x0000000706600000|  0%| F|  |TAMS 0x0000000706400000, 0x0000000706400000| Untracked 
|  13|0x0000000706600000, 0x0000000706600000, 0x0000000706800000|  0%| F|  |TAMS 0x0000000706600000, 0x0000000706600000| Untracked 
|  14|0x0000000706800000, 0x0000000706800000, 0x0000000706a00000|  0%| F|  |TAMS 0x0000000706800000, 0x0000000706800000| Untracked 
|  15|0x0000000706a00000, 0x0000000706a00000, 0x0000000706c00000|  0%| F|  |TAMS 0x0000000706a00000, 0x0000000706a00000| Untracked 
|  16|0x0000000706c00000, 0x0000000706c00000, 0x0000000706e00000|  0%| F|  |TAMS 0x0000000706c00000, 0x0000000706c00000| Untracked 
|  17|0x0000000706e00000, 0x0000000706e00000, 0x0000000707000000|  0%| F|  |TAMS 0x0000000706e00000, 0x0000000706e00000| Untracked 
|  18|0x0000000707000000, 0x0000000707000000, 0x0000000707200000|  0%| F|  |TAMS 0x0000000707000000, 0x0000000707000000| Untracked 
|  19|0x0000000707200000, 0x0000000707200000, 0x0000000707400000|  0%| F|  |TAMS 0x0000000707200000, 0x0000000707200000| Untracked 
|  20|0x0000000707400000, 0x0000000707400000, 0x0000000707600000|  0%| F|  |TAMS 0x0000000707400000, 0x0000000707400000| Untracked 
|  21|0x0000000707600000, 0x0000000707600000, 0x0000000707800000|  0%| F|  |TAMS 0x0000000707600000, 0x0000000707600000| Untracked 
|  22|0x0000000707800000, 0x0000000707800000, 0x0000000707a00000|  0%| F|  |TAMS 0x0000000707800000, 0x0000000707800000| Untracked 
|  23|0x0000000707a00000, 0x0000000707a00000, 0x0000000707c00000|  0%| F|  |TAMS 0x0000000707a00000, 0x0000000707a00000| Untracked 
|  24|0x0000000707c00000, 0x0000000707c00000, 0x0000000707e00000|  0%| F|  |TAMS 0x0000000707c00000, 0x0000000707c00000| Untracked 
|  25|0x0000000707e00000, 0x0000000707e00000, 0x0000000708000000|  0%| F|  |TAMS 0x0000000707e00000, 0x0000000707e00000| Untracked 
|  26|0x0000000708000000, 0x0000000708000000, 0x0000000708200000|  0%| F|  |TAMS 0x0000000708000000, 0x0000000708000000| Untracked 
|  27|0x0000000708200000, 0x0000000708200000, 0x0000000708400000|  0%| F|  |TAMS 0x0000000708200000, 0x0000000708200000| Untracked 
|  28|0x0000000708400000, 0x0000000708400000, 0x0000000708600000|  0%| F|  |TAMS 0x0000000708400000, 0x0000000708400000| Untracked 
|  29|0x0000000708600000, 0x0000000708600000, 0x0000000708800000|  0%| F|  |TAMS 0x0000000708600000, 0x0000000708600000| Untracked 
|  30|0x0000000708800000, 0x0000000708800000, 0x0000000708a00000|  0%| F|  |TAMS 0x0000000708800000, 0x0000000708800000| Untracked 
|  31|0x0000000708a00000, 0x0000000708a00000, 0x0000000708c00000|  0%| F|  |TAMS 0x0000000708a00000, 0x0000000708a00000| Untracked 
|  32|0x0000000708c00000, 0x0000000708c00000, 0x0000000708e00000|  0%| F|  |TAMS 0x0000000708c00000, 0x0000000708c00000| Untracked 
|  33|0x0000000708e00000, 0x0000000708e00000, 0x0000000709000000|  0%| F|  |TAMS 0x0000000708e00000, 0x0000000708e00000| Untracked 
|  34|0x0000000709000000, 0x0000000709000000, 0x0000000709200000|  0%| F|  |TAMS 0x0000000709000000, 0x0000000709000000| Untracked 
|  35|0x0000000709200000, 0x0000000709200000, 0x0000000709400000|  0%| F|  |TAMS 0x0000000709200000, 0x0000000709200000| Untracked 
|  36|0x0000000709400000, 0x0000000709400000, 0x0000000709600000|  0%| F|  |TAMS 0x0000000709400000, 0x0000000709400000| Untracked 
|  37|0x0000000709600000, 0x0000000709600000, 0x0000000709800000|  0%| F|  |TAMS 0x0000000709600000, 0x0000000709600000| Untracked 
|  38|0x0000000709800000, 0x0000000709800000, 0x0000000709a00000|  0%| F|  |TAMS 0x0000000709800000, 0x0000000709800000| Untracked 
|  39|0x0000000709a00000, 0x0000000709a00000, 0x0000000709c00000|  0%| F|  |TAMS 0x0000000709a00000, 0x0000000709a00000| Untracked 
|  40|0x0000000709c00000, 0x0000000709c00000, 0x0000000709e00000|  0%| F|  |TAMS 0x0000000709c00000, 0x0000000709c00000| Untracked 
|  41|0x0000000709e00000, 0x0000000709e00000, 0x000000070a000000|  0%| F|  |TAMS 0x0000000709e00000, 0x0000000709e00000| Untracked 
|  42|0x000000070a000000, 0x000000070a000000, 0x000000070a200000|  0%| F|  |TAMS 0x000000070a000000, 0x000000070a000000| Untracked 
|  43|0x000000070a200000, 0x000000070a200000, 0x000000070a400000|  0%| F|  |TAMS 0x000000070a200000, 0x000000070a200000| Untracked 
|  44|0x000000070a400000, 0x000000070a400000, 0x000000070a600000|  0%| F|  |TAMS 0x000000070a400000, 0x000000070a400000| Untracked 
|  45|0x000000070a600000, 0x000000070a600000, 0x000000070a800000|  0%| F|  |TAMS 0x000000070a600000, 0x000000070a600000| Untracked 
|  46|0x000000070a800000, 0x000000070a800000, 0x000000070aa00000|  0%| F|  |TAMS 0x000000070a800000, 0x000000070a800000| Untracked 
|  47|0x000000070aa00000, 0x000000070aa00000, 0x000000070ac00000|  0%| F|  |TAMS 0x000000070aa00000, 0x000000070aa00000| Untracked 
|  48|0x000000070ac00000, 0x000000070ac00000, 0x000000070ae00000|  0%| F|  |TAMS 0x000000070ac00000, 0x000000070ac00000| Untracked 
|  49|0x000000070ae00000, 0x000000070ae00000, 0x000000070b000000|  0%| F|  |TAMS 0x000000070ae00000, 0x000000070ae00000| Untracked 
|  50|0x000000070b000000, 0x000000070b000000, 0x000000070b200000|  0%| F|  |TAMS 0x000000070b000000, 0x000000070b000000| Untracked 
|  51|0x000000070b200000, 0x000000070b200000, 0x000000070b400000|  0%| F|  |TAMS 0x000000070b200000, 0x000000070b200000| Untracked 
|  52|0x000000070b400000, 0x000000070b400000, 0x000000070b600000|  0%| F|  |TAMS 0x000000070b400000, 0x000000070b400000| Untracked 
|  53|0x000000070b600000, 0x000000070b600000, 0x000000070b800000|  0%| F|  |TAMS 0x000000070b600000, 0x000000070b600000| Untracked 
|  54|0x000000070b800000, 0x000000070b800000, 0x000000070ba00000|  0%| F|  |TAMS 0x000000070b800000, 0x000000070b800000| Untracked 
|  55|0x000000070ba00000, 0x000000070ba00000, 0x000000070bc00000|  0%| F|  |TAMS 0x000000070ba00000, 0x000000070ba00000| Untracked 
|  56|0x000000070bc00000, 0x000000070bc00000, 0x000000070be00000|  0%| F|  |TAMS 0x000000070bc00000, 0x000000070bc00000| Untracked 
|  57|0x000000070be00000, 0x000000070be00000, 0x000000070c000000|  0%| F|  |TAMS 0x000000070be00000, 0x000000070be00000| Untracked 
|  58|0x000000070c000000, 0x000000070c000000, 0x000000070c200000|  0%| F|  |TAMS 0x000000070c000000, 0x000000070c000000| Untracked 
|  59|0x000000070c200000, 0x000000070c200000, 0x000000070c400000|  0%| F|  |TAMS 0x000000070c200000, 0x000000070c200000| Untracked 
|  60|0x000000070c400000, 0x000000070c400000, 0x000000070c600000|  0%| F|  |TAMS 0x000000070c400000, 0x000000070c400000| Untracked 
|  61|0x000000070c600000, 0x000000070c600000, 0x000000070c800000|  0%| F|  |TAMS 0x000000070c600000, 0x000000070c600000| Untracked 
|  62|0x000000070c800000, 0x000000070c800000, 0x000000070ca00000|  0%| F|  |TAMS 0x000000070c800000, 0x000000070c800000| Untracked 
|  63|0x000000070ca00000, 0x000000070ca00000, 0x000000070cc00000|  0%| F|  |TAMS 0x000000070ca00000, 0x000000070ca00000| Untracked 
|  64|0x000000070cc00000, 0x000000070cc00000, 0x000000070ce00000|  0%| F|  |TAMS 0x000000070cc00000, 0x000000070cc00000| Untracked 
|  65|0x000000070ce00000, 0x000000070ce00000, 0x000000070d000000|  0%| F|  |TAMS 0x000000070ce00000, 0x000000070ce00000| Untracked 
|  66|0x000000070d000000, 0x000000070d000000, 0x000000070d200000|  0%| F|  |TAMS 0x000000070d000000, 0x000000070d000000| Untracked 
|  67|0x000000070d200000, 0x000000070d200000, 0x000000070d400000|  0%| F|  |TAMS 0x000000070d200000, 0x000000070d200000| Untracked 
|  68|0x000000070d400000, 0x000000070d400000, 0x000000070d600000|  0%| F|  |TAMS 0x000000070d400000, 0x000000070d400000| Untracked 
|  69|0x000000070d600000, 0x000000070d600000, 0x000000070d800000|  0%| F|  |TAMS 0x000000070d600000, 0x000000070d600000| Untracked 
|  70|0x000000070d800000, 0x000000070d800000, 0x000000070da00000|  0%| F|  |TAMS 0x000000070d800000, 0x000000070d800000| Untracked 
|  71|0x000000070da00000, 0x000000070da00000, 0x000000070dc00000|  0%| F|  |TAMS 0x000000070da00000, 0x000000070da00000| Untracked 
|  72|0x000000070dc00000, 0x000000070dc00000, 0x000000070de00000|  0%| F|  |TAMS 0x000000070dc00000, 0x000000070dc00000| Untracked 
|  73|0x000000070de00000, 0x000000070de00000, 0x000000070e000000|  0%| F|  |TAMS 0x000000070de00000, 0x000000070de00000| Untracked 
|  74|0x000000070e000000, 0x000000070e000000, 0x000000070e200000|  0%| F|  |TAMS 0x000000070e000000, 0x000000070e000000| Untracked 
|  75|0x000000070e200000, 0x000000070e200000, 0x000000070e400000|  0%| F|  |TAMS 0x000000070e200000, 0x000000070e200000| Untracked 
|  76|0x000000070e400000, 0x000000070e400000, 0x000000070e600000|  0%| F|  |TAMS 0x000000070e400000, 0x000000070e400000| Untracked 
|  77|0x000000070e600000, 0x000000070e600000, 0x000000070e800000|  0%| F|  |TAMS 0x000000070e600000, 0x000000070e600000| Untracked 
|  78|0x000000070e800000, 0x000000070e800000, 0x000000070ea00000|  0%| F|  |TAMS 0x000000070e800000, 0x000000070e800000| Untracked 
|  79|0x000000070ea00000, 0x000000070ea00000, 0x000000070ec00000|  0%| F|  |TAMS 0x000000070ea00000, 0x000000070ea00000| Untracked 
|  80|0x000000070ec00000, 0x000000070ec00000, 0x000000070ee00000|  0%| F|  |TAMS 0x000000070ec00000, 0x000000070ec00000| Untracked 
|  81|0x000000070ee00000, 0x000000070ee00000, 0x000000070f000000|  0%| F|  |TAMS 0x000000070ee00000, 0x000000070ee00000| Untracked 
|  82|0x000000070f000000, 0x000000070f000000, 0x000000070f200000|  0%| F|  |TAMS 0x000000070f000000, 0x000000070f000000| Untracked 
|  83|0x000000070f200000, 0x000000070f200000, 0x000000070f400000|  0%| F|  |TAMS 0x000000070f200000, 0x000000070f200000| Untracked 
|  84|0x000000070f400000, 0x000000070f400000, 0x000000070f600000|  0%| F|  |TAMS 0x000000070f400000, 0x000000070f400000| Untracked 
|  85|0x000000070f600000, 0x000000070f600000, 0x000000070f800000|  0%| F|  |TAMS 0x000000070f600000, 0x000000070f600000| Untracked 
|  86|0x000000070f800000, 0x000000070f800000, 0x000000070fa00000|  0%| F|  |TAMS 0x000000070f800000, 0x000000070f800000| Untracked 
|  87|0x000000070fa00000, 0x000000070fa00000, 0x000000070fc00000|  0%| F|  |TAMS 0x000000070fa00000, 0x000000070fa00000| Untracked 
|  88|0x000000070fc00000, 0x000000070fc00000, 0x000000070fe00000|  0%| F|  |TAMS 0x000000070fc00000, 0x000000070fc00000| Untracked 
|  89|0x000000070fe00000, 0x000000070fe00000, 0x0000000710000000|  0%| F|  |TAMS 0x000000070fe00000, 0x000000070fe00000| Untracked 
|  90|0x0000000710000000, 0x0000000710000000, 0x0000000710200000|  0%| F|  |TAMS 0x0000000710000000, 0x0000000710000000| Untracked 
|  91|0x0000000710200000, 0x0000000710200000, 0x0000000710400000|  0%| F|  |TAMS 0x0000000710200000, 0x0000000710200000| Untracked 
|  92|0x0000000710400000, 0x0000000710600000, 0x0000000710600000|100%| E|  |TAMS 0x0000000710400000, 0x0000000710400000| Complete 
|  93|0x0000000710600000, 0x0000000710800000, 0x0000000710800000|100%| E|CS|TAMS 0x0000000710600000, 0x0000000710600000| Complete 
|  94|0x0000000710800000, 0x0000000710a00000, 0x0000000710a00000|100%| E|CS|TAMS 0x0000000710800000, 0x0000000710800000| Complete 
|  95|0x0000000710a00000, 0x0000000710c00000, 0x0000000710c00000|100%| E|CS|TAMS 0x0000000710a00000, 0x0000000710a00000| Complete 
|  96|0x0000000710c00000, 0x0000000710e00000, 0x0000000710e00000|100%| E|CS|TAMS 0x0000000710c00000, 0x0000000710c00000| Complete 
|  97|0x0000000710e00000, 0x0000000711000000, 0x0000000711000000|100%| E|CS|TAMS 0x0000000710e00000, 0x0000000710e00000| Complete 
|  98|0x0000000711000000, 0x0000000711200000, 0x0000000711200000|100%| E|CS|TAMS 0x0000000711000000, 0x0000000711000000| Complete 
|  99|0x0000000711200000, 0x0000000711400000, 0x0000000711400000|100%| E|CS|TAMS 0x0000000711200000, 0x0000000711200000| Complete 
| 100|0x0000000711400000, 0x0000000711600000, 0x0000000711600000|100%| E|CS|TAMS 0x0000000711400000, 0x0000000711400000| Complete 
| 101|0x0000000711600000, 0x0000000711800000, 0x0000000711800000|100%| E|CS|TAMS 0x0000000711600000, 0x0000000711600000| Complete 
| 102|0x0000000711800000, 0x0000000711a00000, 0x0000000711a00000|100%| E|CS|TAMS 0x0000000711800000, 0x0000000711800000| Complete 
| 103|0x0000000711a00000, 0x0000000711c00000, 0x0000000711c00000|100%| E|CS|TAMS 0x0000000711a00000, 0x0000000711a00000| Complete 
| 104|0x0000000711c00000, 0x0000000711e00000, 0x0000000711e00000|100%| E|CS|TAMS 0x0000000711c00000, 0x0000000711c00000| Complete 
| 105|0x0000000711e00000, 0x0000000712000000, 0x0000000712000000|100%| E|CS|TAMS 0x0000000711e00000, 0x0000000711e00000| Complete 
| 106|0x0000000712000000, 0x0000000712200000, 0x0000000712200000|100%| E|CS|TAMS 0x0000000712000000, 0x0000000712000000| Complete 
| 107|0x0000000712200000, 0x00000007123c5d88, 0x0000000712400000| 88%| S|CS|TAMS 0x0000000712200000, 0x0000000712200000| Complete 
| 108|0x0000000712400000, 0x0000000712600000, 0x0000000712600000|100%| E|CS|TAMS 0x0000000712400000, 0x0000000712400000| Complete 
| 109|0x0000000712600000, 0x0000000712800000, 0x0000000712800000|100%| E|CS|TAMS 0x0000000712600000, 0x0000000712600000| Complete 
| 110|0x0000000712800000, 0x0000000712a00000, 0x0000000712a00000|100%| E|CS|TAMS 0x0000000712800000, 0x0000000712800000| Complete 
| 111|0x0000000712a00000, 0x0000000712c00000, 0x0000000712c00000|100%| E|CS|TAMS 0x0000000712a00000, 0x0000000712a00000| Complete 
| 112|0x0000000712c00000, 0x0000000712e00000, 0x0000000712e00000|100%| E|CS|TAMS 0x0000000712c00000, 0x0000000712c00000| Complete 
| 113|0x0000000712e00000, 0x0000000713000000, 0x0000000713000000|100%| E|CS|TAMS 0x0000000712e00000, 0x0000000712e00000| Complete 
| 114|0x0000000713000000, 0x0000000713200000, 0x0000000713200000|100%| E|CS|TAMS 0x0000000713000000, 0x0000000713000000| Complete 
| 115|0x0000000713200000, 0x0000000713400000, 0x0000000713400000|100%| E|CS|TAMS 0x0000000713200000, 0x0000000713200000| Complete 
| 116|0x0000000713400000, 0x0000000713600000, 0x0000000713600000|100%| E|CS|TAMS 0x0000000713400000, 0x0000000713400000| Complete 
| 117|0x0000000713600000, 0x0000000713800000, 0x0000000713800000|100%| E|CS|TAMS 0x0000000713600000, 0x0000000713600000| Complete 
| 118|0x0000000713800000, 0x0000000713a00000, 0x0000000713a00000|100%| E|CS|TAMS 0x0000000713800000, 0x0000000713800000| Complete 
| 119|0x0000000713a00000, 0x0000000713c00000, 0x0000000713c00000|100%| E|CS|TAMS 0x0000000713a00000, 0x0000000713a00000| Complete 
| 120|0x0000000713c00000, 0x0000000713e00000, 0x0000000713e00000|100%| E|CS|TAMS 0x0000000713c00000, 0x0000000713c00000| Complete 
| 121|0x0000000713e00000, 0x0000000714000000, 0x0000000714000000|100%| E|CS|TAMS 0x0000000713e00000, 0x0000000713e00000| Complete 
| 122|0x0000000714000000, 0x0000000714200000, 0x0000000714200000|100%| E|CS|TAMS 0x0000000714000000, 0x0000000714000000| Complete 
| 123|0x0000000714200000, 0x0000000714400000, 0x0000000714400000|100%| E|CS|TAMS 0x0000000714200000, 0x0000000714200000| Complete 
| 124|0x0000000714400000, 0x0000000714600000, 0x0000000714600000|100%| E|CS|TAMS 0x0000000714400000, 0x0000000714400000| Complete 
| 125|0x0000000714600000, 0x0000000714800000, 0x0000000714800000|100%| E|CS|TAMS 0x0000000714600000, 0x0000000714600000| Complete 

Card table byte_map: [0x0000022b9c540000,0x0000022b9cd20000] _byte_map_base: 0x0000022b98d1a000

Marking Bits (Prev, Next): (CMBitMap*) 0x0000022b847f9930, (CMBitMap*) 0x0000022b847f9970
 Prev Bits: [0x0000022b9d500000, 0x0000022ba13d0000)
 Next Bits: [0x0000022ba13d0000, 0x0000022ba52a0000)

Polling page: 0x0000022b826b0000

Metaspace:

Usage:
  Non-class:     13.64 MB used.
      Class:      1.83 MB used.
       Both:     15.47 MB used.

Virtual space:
  Non-class space:       64.00 MB reserved,      13.75 MB ( 21%) committed,  1 nodes.
      Class space:        1.00 GB reserved,       1.94 MB ( <1%) committed,  1 nodes.
             Both:        1.06 GB reserved,      15.69 MB (  1%) committed. 

Chunk freelists:
   Non-Class:  2.02 MB
       Class:  13.89 MB
        Both:  15.91 MB

MaxMetaspaceSize: unlimited
CompressedClassSpaceSize: 1.00 GB
Initial GC threshold: 21.00 MB
Current GC threshold: 21.00 MB
CDS: on
MetaspaceReclaimPolicy: balanced
 - commit_granule_bytes: 65536.
 - commit_granule_words: 8192.
 - virtual_space_node_default_size: 8388608.
 - enlarge_chunks_in_place: 1.
 - new_chunks_are_fully_committed: 0.
 - uncommit_free_chunks: 1.
 - use_allocation_guard: 0.
 - handle_deallocations: 1.


Internal statistics:

num_allocs_failed_limit: 0.
num_arena_births: 92.
num_arena_deaths: 0.
num_vsnodes_births: 2.
num_vsnodes_deaths: 0.
num_space_committed: 251.
num_space_uncommitted: 0.
num_chunks_returned_to_freelist: 0.
num_chunks_taken_from_freelist: 641.
num_chunk_merges: 0.
num_chunk_splits: 430.
num_chunks_enlarged: 346.
num_inconsistent_stats: 0.

CodeHeap 'non-profiled nmethods': size=119168Kb used=1627Kb max_used=1627Kb free=117540Kb
 bounds [0x0000022b93e60000, 0x0000022b940d0000, 0x0000022b9b2c0000]
CodeHeap 'profiled nmethods': size=119104Kb used=7636Kb max_used=7636Kb free=111467Kb
 bounds [0x0000022b8c2c0000, 0x0000022b8ca40000, 0x0000022b93710000]
CodeHeap 'non-nmethods': size=7488Kb used=2870Kb max_used=2910Kb free=4617Kb
 bounds [0x0000022b93710000, 0x0000022b939f0000, 0x0000022b93e60000]
 total_blobs=4167 nmethods=3694 adapters=382
 compilation: enabled
              stopped_count=0, restarted_count=0
 full_count=0

Compilation events (20 events):
Event: 6.944 Thread 0x0000022bee3f4e60 3666       3       java.lang.Boolean::toString (12 bytes)
Event: 6.944 Thread 0x0000022ba85be3f0 3667       1       org.apache.maven.artifact.handler.DefaultArtifactHandler::isAddedToClasspath (5 bytes)
Event: 6.944 Thread 0x0000022ba85be3f0 nmethod 3667 0x0000022b93ff5490 code [0x0000022b93ff5620, 0x0000022b93ff56f8]
Event: 6.944 Thread 0x0000022ba85be3f0 3668       1       org.apache.maven.artifact.handler.DefaultArtifactHandler::isIncludesDependencies (5 bytes)
Event: 6.944 Thread 0x0000022bee3f35d0 nmethod 3665 0x0000022b8ca1a190 code [0x0000022b8ca1a320, 0x0000022b8ca1a458]
Event: 6.944 Thread 0x0000022bee3f4e60 nmethod 3666 0x0000022b8ca1a510 code [0x0000022b8ca1a6a0, 0x0000022b8ca1a818]
Event: 6.944 Thread 0x0000022bee3f35d0 3669       1       org.eclipse.aether.artifact.DefaultArtifactType::getProperties (5 bytes)
Event: 6.944 Thread 0x0000022bee3f4e60 3670       1       org.eclipse.aether.artifact.DefaultArtifactType::getClassifier (5 bytes)
Event: 6.944 Thread 0x0000022ba85be3f0 nmethod 3668 0x0000022b93ff5790 code [0x0000022b93ff5920, 0x0000022b93ff59f8]
Event: 6.944 Thread 0x0000022ba85be3f0 3671       1       org.eclipse.aether.artifact.DefaultArtifactType::getExtension (5 bytes)
Event: 6.944 Thread 0x0000022bee3f35d0 nmethod 3669 0x0000022b93ff5a90 code [0x0000022b93ff5c20, 0x0000022b93ff5cf8]
Event: 6.944 Thread 0x0000022bee3f4e60 nmethod 3670 0x0000022b93ff5d90 code [0x0000022b93ff5f20, 0x0000022b93ff5ff8]
Event: 6.944 Thread 0x0000022ba85be3f0 nmethod 3671 0x0000022b93ff6090 code [0x0000022b93ff6220, 0x0000022b93ff62f8]
Event: 6.944 Thread 0x0000022bee3f4e60 3672       3       java.util.ArrayDeque::push (6 bytes)
Event: 6.944 Thread 0x0000022bee3f35d0 3673       3       java.util.ArrayDeque::addFirst (51 bytes)
Event: 6.944 Thread 0x0000022ba85be3f0 3674       3       java.util.ArrayDeque::dec (13 bytes)
Event: 6.944 Thread 0x0000022bee3f4e60 nmethod 3672 0x0000022b8ca1a890 code [0x0000022b8ca1aa40, 0x0000022b8ca1ab88]
Event: 6.944 Thread 0x0000022ba85be3f0 nmethod 3674 0x0000022b8ca1ac10 code [0x0000022b8ca1ada0, 0x0000022b8ca1aed8]
Event: 6.945 Thread 0x0000022bee3f35d0 nmethod 3673 0x0000022b8ca1af90 code [0x0000022b8ca1b160, 0x0000022b8ca1b638]
Event: 6.945 Thread 0x0000022ba867b4f0 nmethod 3661 0x0000022b8ca1b810 code [0x0000022b8ca1bee0, 0x0000022b8ca20278]

GC Heap History (4 events):
Event: 5.098 GC heap before
{Heap before GC invocations=0 (full 0):
 garbage-first heap   total 258048K, used 22528K [0x0000000704c00000, 0x0000000800000000)
  region size 2048K, 11 young (22528K), 0 survivors (0K)
 Metaspace       used 5583K, committed 5696K, reserved 1114112K
  class space    used 661K, committed 704K, reserved 1048576K
}
Event: 5.100 GC heap after
{Heap after GC invocations=1 (full 0):
 garbage-first heap   total 258048K, used 4156K [0x0000000704c00000, 0x0000000800000000)
  region size 2048K, 2 young (4096K), 2 survivors (4096K)
 Metaspace       used 5583K, committed 5696K, reserved 1114112K
  class space    used 661K, committed 704K, reserved 1048576K
}
Event: 5.409 GC heap before
{Heap before GC invocations=1 (full 0):
 garbage-first heap   total 258048K, used 36924K [0x0000000704c00000, 0x0000000800000000)
  region size 2048K, 18 young (36864K), 2 survivors (4096K)
 Metaspace       used 8907K, committed 9088K, reserved 1114112K
  class space    used 1049K, committed 1152K, reserved 1048576K
}
Event: 5.413 GC heap after
{Heap after GC invocations=2 (full 0):
 garbage-first heap   total 258048K, used 5795K [0x0000000704c00000, 0x0000000800000000)
  region size 2048K, 1 young (2048K), 1 survivors (2048K)
 Metaspace       used 8907K, committed 9088K, reserved 1114112K
  class space    used 1049K, committed 1152K, reserved 1048576K
}

Dll operation events (12 events):
Event: 0.075 Loaded shared library C:\Users\jess.dworcan\.jdks\corretto-17.0.14\bin\java.dll
Event: 0.114 Loaded shared library C:\Users\jess.dworcan\.jdks\corretto-17.0.14\bin\jsvml.dll
Event: 0.141 Loaded shared library C:\Users\jess.dworcan\.jdks\corretto-17.0.14\bin\zip.dll
Event: 0.144 Loaded shared library C:\Users\jess.dworcan\.jdks\corretto-17.0.14\bin\instrument.dll
Event: 0.148 Loaded shared library C:\Users\jess.dworcan\.jdks\corretto-17.0.14\bin\net.dll
Event: 0.151 Loaded shared library C:\Users\jess.dworcan\.jdks\corretto-17.0.14\bin\nio.dll
Event: 0.166 Loaded shared library C:\Users\jess.dworcan\.jdks\corretto-17.0.14\bin\zip.dll
Event: 0.187 Loaded shared library C:\Program Files\JetBrains\IntelliJ IDEA Community Edition 2024.2.3\bin\breakgen64.dll
Event: 0.208 Loaded shared library C:\Users\jess.dworcan\.jdks\corretto-17.0.14\bin\extnet.dll
Event: 4.215 Loaded shared library C:\Users\jess.dworcan\.jdks\corretto-17.0.14\bin\jimage.dll
Event: 4.363 Loaded shared library C:\Users\jess.dworcan\AppData\Local\Temp\jansi-2.4.1-66ade4f61bd44300-jansi.dll
Event: 4.371 Loaded shared library C:\Users\jess.dworcan\.jdks\corretto-17.0.14\bin\verify.dll

Deoptimization events (20 events):
Event: 6.313 Thread 0x0000022b84790b30 DEOPT PACKING pc=0x0000022b8c8ce2b5 sp=0x000000b71f6fcab0
Event: 6.313 Thread 0x0000022b84790b30 DEOPT UNPACKING pc=0x0000022b93767143 sp=0x000000b71f6fbfb8 mode 0
Event: 6.592 Thread 0x0000022b84790b30 DEOPT PACKING pc=0x0000022b8c892964 sp=0x000000b71f6fc960
Event: 6.592 Thread 0x0000022b84790b30 DEOPT UNPACKING pc=0x0000022b93767143 sp=0x000000b71f6fbeb8 mode 0
Event: 6.908 Thread 0x0000022b84790b30 Uncommon trap: trap_request=0xffffff45 fr.pc=0x0000022b93fd5838 relative=0x0000000000000638
Event: 6.908 Thread 0x0000022b84790b30 Uncommon trap: reason=unstable_if action=reinterpret pc=0x0000022b93fd5838 method=org.codehaus.plexus.util.xml.pull.MXParser.isValidCodePoint(I)Z @ 15 c2
Event: 6.908 Thread 0x0000022b84790b30 DEOPT PACKING pc=0x0000022b93fd5838 sp=0x000000b71f6fd000
Event: 6.908 Thread 0x0000022b84790b30 DEOPT UNPACKING pc=0x0000022b937669a3 sp=0x000000b71f6fcf50 mode 2
Event: 6.908 Thread 0x0000022b84790b30 Uncommon trap: trap_request=0xffffff45 fr.pc=0x0000022b93f8ed50 relative=0x0000000000000050
Event: 6.908 Thread 0x0000022b84790b30 Uncommon trap: reason=unstable_if action=reinterpret pc=0x0000022b93f8ed50 method=org.codehaus.plexus.util.xml.pull.MXParser.isValidCodePoint(I)Z @ 15 c2
Event: 6.908 Thread 0x0000022b84790b30 DEOPT PACKING pc=0x0000022b93f8ed50 sp=0x000000b71f6fcfb0
Event: 6.908 Thread 0x0000022b84790b30 DEOPT UNPACKING pc=0x0000022b937669a3 sp=0x000000b71f6fcf48 mode 2
Event: 6.908 Thread 0x0000022b84790b30 Uncommon trap: trap_request=0xffffff45 fr.pc=0x0000022b93fcbbd0 relative=0x00000000000003d0
Event: 6.908 Thread 0x0000022b84790b30 Uncommon trap: reason=unstable_if action=reinterpret pc=0x0000022b93fcbbd0 method=org.codehaus.plexus.util.xml.pull.MXParser.isValidCodePoint(I)Z @ 15 c2
Event: 6.908 Thread 0x0000022b84790b30 DEOPT PACKING pc=0x0000022b93fcbbd0 sp=0x000000b71f6fd000
Event: 6.908 Thread 0x0000022b84790b30 DEOPT UNPACKING pc=0x0000022b937669a3 sp=0x000000b71f6fcf50 mode 2
Event: 6.939 Thread 0x0000022b84790b30 Uncommon trap: trap_request=0xffffff45 fr.pc=0x0000022b93fa8fa8 relative=0x00000000000017a8
Event: 6.939 Thread 0x0000022b84790b30 Uncommon trap: reason=unstable_if action=reinterpret pc=0x0000022b93fa8fa8 method=org.codehaus.plexus.util.xml.pull.MXParser.nextImpl()I @ 973 c2
Event: 6.939 Thread 0x0000022b84790b30 DEOPT PACKING pc=0x0000022b93fa8fa8 sp=0x000000b71f6fcf00
Event: 6.939 Thread 0x0000022b84790b30 DEOPT UNPACKING pc=0x0000022b937669a3 sp=0x000000b71f6fcea8 mode 2

Classes loaded (20 events):
Event: 5.835 Loading class java/util/spi/ResourceBundleProvider
Event: 5.835 Loading class java/util/spi/ResourceBundleProvider done
Event: 5.835 Loading class sun/util/resources/LocaleData$LocaleDataResourceBundleProvider done
Event: 5.835 Loading class sun/util/resources/LocaleData$CommonResourceBundleProvider done
Event: 5.835 Loading class sun/util/resources/Bundles$2
Event: 5.835 Loading class sun/util/resources/Bundles$2 done
Event: 5.871 Loading class java/util/stream/Streams$RangeIntSpliterator
Event: 5.872 Loading class java/util/stream/Streams$RangeIntSpliterator done
Event: 6.014 Loading class java/lang/invoke/MethodHandle$1
Event: 6.014 Loading class java/lang/invoke/MethodHandle$1 done
Event: 6.058 Loading class java/util/stream/MatchOps$MatchKind
Event: 6.058 Loading class java/util/stream/MatchOps$MatchKind done
Event: 6.058 Loading class java/util/stream/MatchOps
Event: 6.058 Loading class java/util/stream/MatchOps done
Event: 6.058 Loading class java/util/stream/MatchOps$MatchOp
Event: 6.058 Loading class java/util/stream/MatchOps$MatchOp done
Event: 6.058 Loading class java/util/stream/MatchOps$BooleanTerminalSink
Event: 6.058 Loading class java/util/stream/MatchOps$BooleanTerminalSink done
Event: 6.059 Loading class java/util/stream/MatchOps$1MatchSink
Event: 6.059 Loading class java/util/stream/MatchOps$1MatchSink done

Classes unloaded (0 events):
No events

Classes redefined (0 events):
No events

Internal exceptions (20 events):
Event: 5.002 Thread 0x0000022b84790b30 Exception <a 'java/lang/NoSuchMethodError'{0x000000071366e428}: 'void java.lang.invoke.DirectMethodHandle$Holder.invokeSpecial(java.lang.Object, java.lang.Object, java.lang.Object)'> (0x000000071366e428) 
thrown [s\src\hotspot\share\interpreter\linkResolver.cpp, line 759]
Event: 5.026 Thread 0x0000022b84790b30 Exception <a 'java/lang/NoSuchMethodError'{0x000000071344ea58}: 'java.lang.Object java.lang.invoke.DirectMethodHandle$Holder.invokeInterface(java.lang.Object, java.lang.Object)'> (0x000000071344ea58) 
thrown [s\src\hotspot\share\interpreter\linkResolver.cpp, line 759]
Event: 5.035 Thread 0x0000022b84790b30 Exception <a 'java/lang/NoSuchMethodError'{0x0000000713501eb0}: 'java.lang.Object java.lang.invoke.Invokers$Holder.invokeExact_MT(java.lang.Object, java.lang.Object, java.lang.Object, java.lang.Object, java.lang.Object, java.lang.Object)'> (0x0000000713501eb0) 
thrown [s\src\hotspot\share\interpreter\linkResolver.cpp, line 759]
Event: 5.036 Thread 0x0000022b84790b30 Exception <a 'java/lang/NoSuchMethodError'{0x00000007135132f0}: 'int java.lang.invoke.DirectMethodHandle$Holder.invokeSpecialIFC(java.lang.Object, java.lang.Object, java.lang.Object, java.lang.Object, java.lang.Object)'> (0x00000007135132f0) 
thrown [s\src\hotspot\share\interpreter\linkResolver.cpp, line 759]
Event: 5.070 Thread 0x0000022b84790b30 Exception <a 'java/lang/NoSuchMethodError'{0x00000007132d2ab8}: 'java.lang.Object java.lang.invoke.DirectMethodHandle$Holder.newInvokeSpecial(java.lang.Object, java.lang.Object, java.lang.Object, java.lang.Object, java.lang.Object)'> (0x00000007132d2ab8) 
thrown [s\src\hotspot\share\interpreter\linkResolver.cpp, line 759]
Event: 5.093 Thread 0x0000022b84790b30 Exception <a 'java/lang/NoSuchMethodError'{0x00000007133e3d78}: 'int java.lang.invoke.DirectMethodHandle$Holder.invokeStaticInit(java.lang.Object, java.lang.Object)'> (0x00000007133e3d78) 
thrown [s\src\hotspot\share\interpreter\linkResolver.cpp, line 759]
Event: 5.105 Thread 0x0000022b84790b30 Exception <a 'java/lang/NoClassDefFoundError'{0x000000071461f5d8}: javax/enterprise/inject/Typed> (0x000000071461f5d8) 
thrown [s\src\hotspot\share\classfile\systemDictionary.cpp, line 245]
Event: 5.530 Thread 0x0000022b84790b30 Exception <a 'java/lang/NoSuchMethodError'{0x0000000713b3a0a8}: 'void java.lang.invoke.DirectMethodHandle$Holder.invokeStaticInit(java.lang.Object, java.lang.Object, java.lang.Object)'> (0x0000000713b3a0a8) 
thrown [s\src\hotspot\share\interpreter\linkResolver.cpp, line 759]
Event: 5.532 Thread 0x0000022b84790b30 Exception <a 'java/lang/ExceptionInInitializerError'{0x0000000713b66c50}> (0x0000000713b66c50) 
thrown [s\src\hotspot\share\oops\instanceKlass.cpp, line 1218]
Event: 5.548 Thread 0x0000022b84790b30 Implicit null exception at 0x0000022b93ef27af to 0x0000022b93ef2910
Event: 5.549 Thread 0x0000022b84790b30 Exception <a 'java/lang/NoSuchMethodError'{0x00000007138835f0}: 'java.lang.Object java.lang.invoke.Invokers$Holder.invokeExact_MT(java.lang.Object, int, java.lang.Object)'> (0x00000007138835f0) 
thrown [s\src\hotspot\share\interpreter\linkResolver.cpp, line 759]
Event: 5.556 Thread 0x0000022b84790b30 Exception <a 'java/lang/NoSuchMethodError'{0x00000007138f3c20}: 'int java.lang.invoke.DirectMethodHandle$Holder.invokeSpecial(java.lang.Object, java.lang.Object, java.lang.Object, java.lang.Object)'> (0x00000007138f3c20) 
thrown [s\src\hotspot\share\interpreter\linkResolver.cpp, line 759]
Event: 5.666 Thread 0x0000022b84790b30 Exception <a 'java/lang/NoClassDefFoundError'{0x000000071316b550}: com/google/inject/servlet/ServletModuleTargetVisitor> (0x000000071316b550) 
thrown [s\src\hotspot\share\classfile\systemDictionary.cpp, line 245]
Event: 5.693 Thread 0x0000022b84790b30 Exception <a 'java/lang/NoSuchMethodError'{0x0000000712ff49f0}: 'void java.lang.invoke.DirectMethodHandle$Holder.invokeVirtual(java.lang.Object, java.lang.Object)'> (0x0000000712ff49f0) 
thrown [s\src\hotspot\share\interpreter\linkResolver.cpp, line 759]
Event: 5.708 Thread 0x0000022b84790b30 Exception <a 'java/lang/NoSuchMethodError'{0x0000000712c7c690}: 'java.lang.Object java.lang.invoke.DirectMethodHandle$Holder.invokeStaticInit(java.lang.Object, int, int, int, int)'> (0x0000000712c7c690) 
thrown [s\src\hotspot\share\interpreter\linkResolver.cpp, line 759]
Event: 5.795 Thread 0x0000022b84790b30 Implicit null exception at 0x0000022b93e952f2 to 0x0000022b93e958d4
Event: 5.795 Thread 0x0000022b84790b30 Implicit null exception at 0x0000022b93e8faf2 to 0x0000022b93e900e8
Event: 5.816 Thread 0x0000022b84790b30 Exception <a 'java/lang/NoSuchMethodError'{0x00000007126c7918}: 'void java.lang.invoke.DirectMethodHandle$Holder.invokeSpecial(java.lang.Object, java.lang.Object, java.lang.Object, java.lang.Object, java.lang.Object)'> (0x00000007126c7918) 
thrown [s\src\hotspot\share\interpreter\linkResolver.cpp, line 759]
Event: 5.817 Thread 0x0000022b84790b30 Exception <a 'java/lang/NoSuchMethodError'{0x00000007126e0a18}: 'void java.lang.invoke.DirectMethodHandle$Holder.invokeSpecial(java.lang.Object, java.lang.Object, java.lang.Object, java.lang.Object, java.lang.Object, java.lang.Object)'> (0x00000007126e0a18) 
thrown [s\src\hotspot\share\interpreter\linkResolver.cpp, line 759]
Event: 5.827 Thread 0x0000022b84790b30 Exception <a 'java/lang/NoSuchMethodError'{0x00000007127f54b0}: 'java.lang.Object java.lang.invoke.DirectMethodHandle$Holder.invokeVirtual(java.lang.Object, java.lang.Object, java.lang.Object)'> (0x00000007127f54b0) 
thrown [s\src\hotspot\share\interpreter\linkResolver.cpp, line 759]

VM Operations (20 events):
Event: 5.594 Executing VM operation: HandshakeAllThreads
Event: 5.594 Executing VM operation: HandshakeAllThreads done
Event: 5.605 Executing VM operation: ICBufferFull
Event: 5.605 Executing VM operation: ICBufferFull done
Event: 5.655 Executing VM operation: HandshakeAllThreads
Event: 5.655 Executing VM operation: HandshakeAllThreads done
Event: 5.699 Executing VM operation: HandshakeAllThreads
Event: 5.699 Executing VM operation: HandshakeAllThreads done
Event: 5.716 Executing VM operation: HandshakeAllThreads
Event: 5.716 Executing VM operation: HandshakeAllThreads done
Event: 5.774 Executing VM operation: ICBufferFull
Event: 5.774 Executing VM operation: ICBufferFull done
Event: 5.778 Executing VM operation: HandshakeAllThreads
Event: 5.778 Executing VM operation: HandshakeAllThreads done
Event: 5.778 Executing VM operation: HandshakeAllThreads
Event: 5.778 Executing VM operation: HandshakeAllThreads done
Event: 5.983 Executing VM operation: ICBufferFull
Event: 5.983 Executing VM operation: ICBufferFull done
Event: 5.996 Executing VM operation: HandshakeAllThreads
Event: 5.996 Executing VM operation: HandshakeAllThreads done

Memory protections (0 events):
No events

Nmethod flushes (0 events):
No events

Events (20 events):
Event: 0.122 Thread 0x0000022b84790b30 Thread added: 0x0000022ba85b9930
Event: 0.122 Thread 0x0000022b84790b30 Thread added: 0x0000022ba85be3f0
Event: 0.122 Thread 0x0000022b84790b30 Thread added: 0x0000022ba85bedf0
Event: 0.124 Thread 0x0000022ba85be3f0 Thread added: 0x0000022ba867b4f0
Event: 0.131 Thread 0x0000022b84790b30 Thread added: 0x0000022ba8722eb0
Event: 0.134 Thread 0x0000022ba85be3f0 Thread added: 0x0000022ba872d800
Event: 0.134 Thread 0x0000022ba867b4f0 Thread added: 0x0000022ba872dd20
Event: 0.137 Thread 0x0000022ba867b4f0 Thread added: 0x0000022ba872e5f0
Event: 0.188 Thread 0x0000022b84790b30 Thread added: 0x0000022ba87f3d10
Event: 0.188 Thread 0x0000022b84790b30 Thread added: 0x0000022ba87f41f0
Event: 0.380 Thread 0x0000022ba872e5f0 Thread exited: 0x0000022ba872e5f0
Event: 2.187 Thread 0x0000022ba872dd20 Thread exited: 0x0000022ba872dd20
Event: 3.215 Thread 0x0000022ba872d800 Thread exited: 0x0000022ba872d800
Event: 4.213 Thread 0x0000022b84790b30 Thread added: 0x0000022bee055280
Event: 4.869 Thread 0x0000022ba85be3f0 Thread added: 0x0000022bee3b4c50
Event: 4.907 Thread 0x0000022ba85be3f0 Thread added: 0x0000022bee3f35d0
Event: 4.909 Thread 0x0000022ba85be3f0 Thread added: 0x0000022bee3f4e60
Event: 5.761 Thread 0x0000022b84790b30 Thread added: 0x0000022bef0b61b0
Event: 6.477 Thread 0x0000022bee3b4c50 Thread exited: 0x0000022bee3b4c50
Event: 6.868 Thread 0x0000022ba85be3f0 Thread added: 0x0000022beefe1410


Dynamic libraries:
0x00007ff6f05c0000 - 0x00007ff6f05ce000 	C:\Users\jess.dworcan\.jdks\corretto-17.0.14\bin\java.exe
0x00007ffe33fd0000 - 0x00007ffe341e7000 	C:\Windows\SYSTEM32\ntdll.dll
0x00007ffe32990000 - 0x00007ffe32a54000 	C:\Windows\System32\KERNEL32.DLL
0x00007ffe312e0000 - 0x00007ffe316b3000 	C:\Windows\System32\KERNELBASE.dll
0x00007ffe31190000 - 0x00007ffe312a1000 	C:\Windows\System32\ucrtbase.dll
0x00007ffe266b0000 - 0x00007ffe266cb000 	C:\Users\jess.dworcan\.jdks\corretto-17.0.14\bin\VCRUNTIME140.dll
0x00007ffe2d350000 - 0x00007ffe2d367000 	C:\Users\jess.dworcan\.jdks\corretto-17.0.14\bin\jli.dll
0x00007ffe32b40000 - 0x00007ffe32cf1000 	C:\Windows\System32\USER32.dll
0x00007ffe147a0000 - 0x00007ffe14a3b000 	C:\Windows\WinSxS\amd64_microsoft.windows.common-controls_6595b64144ccf1df_6.0.22621.5262_none_2712bde373830908\COMCTL32.dll
0x00007ffe312b0000 - 0x00007ffe312d6000 	C:\Windows\System32\win32u.dll
0x00007ffe32700000 - 0x00007ffe32729000 	C:\Windows\System32\GDI32.dll
0x00007ffe33d50000 - 0x00007ffe33df7000 	C:\Windows\System32\msvcrt.dll
0x00007ffe31830000 - 0x00007ffe31952000 	C:\Windows\System32\gdi32full.dll
0x00007ffe310c0000 - 0x00007ffe3115a000 	C:\Windows\System32\msvcp_win.dll
0x00007ffe31cf0000 - 0x00007ffe31d21000 	C:\Windows\System32\IMM32.DLL
0x00007ffe2d450000 - 0x00007ffe2d45c000 	C:\Users\jess.dworcan\.jdks\corretto-17.0.14\bin\vcruntime140_1.dll
0x00007ffe15ad0000 - 0x00007ffe15b5d000 	C:\Users\jess.dworcan\.jdks\corretto-17.0.14\bin\msvcp140.dll
0x00007ffd92120000 - 0x00007ffd92d8c000 	C:\Users\jess.dworcan\.jdks\corretto-17.0.14\bin\server\jvm.dll
0x00007ffe33770000 - 0x00007ffe33821000 	C:\Windows\System32\ADVAPI32.dll
0x00007ffe33c90000 - 0x00007ffe33d37000 	C:\Windows\System32\sechost.dll
0x00007ffe31160000 - 0x00007ffe31188000 	C:\Windows\System32\bcrypt.dll
0x00007ffe33e70000 - 0x00007ffe33f84000 	C:\Windows\System32\RPCRT4.dll
0x00007ffe31c60000 - 0x00007ffe31cd1000 	C:\Windows\System32\WS2_32.dll
0x00007ffe2fe50000 - 0x00007ffe2fe9d000 	C:\Windows\SYSTEM32\POWRPROF.dll
0x00007ffe27d10000 - 0x00007ffe27d1a000 	C:\Windows\SYSTEM32\VERSION.dll
0x00007ffe2dd90000 - 0x00007ffe2ddc4000 	C:\Windows\SYSTEM32\WINMM.dll
0x00007ffe2fe10000 - 0x00007ffe2fe23000 	C:\Windows\SYSTEM32\UMPDC.dll
0x00007ffe300d0000 - 0x00007ffe300e8000 	C:\Windows\SYSTEM32\kernel.appcore.dll
0x00007ffe2cf10000 - 0x00007ffe2cf1a000 	C:\Users\jess.dworcan\.jdks\corretto-17.0.14\bin\jimage.dll
0x00007ffe2e740000 - 0x00007ffe2e972000 	C:\Windows\SYSTEM32\DBGHELP.DLL
0x00007ffe31e60000 - 0x00007ffe321f3000 	C:\Windows\System32\combase.dll
0x00007ffe32a60000 - 0x00007ffe32b37000 	C:\Windows\System32\OLEAUT32.dll
0x00007ffe270a0000 - 0x00007ffe270d2000 	C:\Windows\SYSTEM32\dbgcore.DLL
0x00007ffe31aa0000 - 0x00007ffe31b1b000 	C:\Windows\System32\bcryptPrimitives.dll
0x00007ffe18f80000 - 0x00007ffe18f8e000 	C:\Users\jess.dworcan\.jdks\corretto-17.0.14\bin\instrument.dll
0x00007ffe19080000 - 0x00007ffe190a5000 	C:\Users\jess.dworcan\.jdks\corretto-17.0.14\bin\java.dll
0x00007ffddcda0000 - 0x00007ffddce77000 	C:\Users\jess.dworcan\.jdks\corretto-17.0.14\bin\jsvml.dll
0x00007ffe32d00000 - 0x00007ffe3359d000 	C:\Windows\System32\SHELL32.dll
0x00007ffe31b20000 - 0x00007ffe31c5f000 	C:\Windows\System32\wintypes.dll
0x00007ffe2ed10000 - 0x00007ffe2f62d000 	C:\Windows\SYSTEM32\windows.storage.dll
0x00007ffe31d50000 - 0x00007ffe31e5b000 	C:\Windows\System32\SHCORE.dll
0x00007ffe32920000 - 0x00007ffe32986000 	C:\Windows\System32\shlwapi.dll
0x00007ffe30ff0000 - 0x00007ffe3101b000 	C:\Windows\SYSTEM32\profapi.dll
0x00007ffe18f90000 - 0x00007ffe18fa8000 	C:\Users\jess.dworcan\.jdks\corretto-17.0.14\bin\zip.dll
0x00007ffe26680000 - 0x00007ffe26699000 	C:\Users\jess.dworcan\.jdks\corretto-17.0.14\bin\net.dll
0x00007ffe300f0000 - 0x00007ffe3021c000 	C:\Windows\SYSTEM32\WINHTTP.dll
0x00007ffe30670000 - 0x00007ffe306da000 	C:\Windows\system32\mswsock.dll
0x00007ffe23330000 - 0x00007ffe23346000 	C:\Users\jess.dworcan\.jdks\corretto-17.0.14\bin\nio.dll
0x00007ffe165d0000 - 0x00007ffe165ea000 	C:\Program Files\JetBrains\IntelliJ IDEA Community Edition 2024.2.3\bin\breakgen64.dll
0x00007ffe2b4b0000 - 0x00007ffe2b4b9000 	C:\Users\jess.dworcan\.jdks\corretto-17.0.14\bin\extnet.dll
0x00007ffe16380000 - 0x00007ffe163a4000 	C:\Users\jess.dworcan\AppData\Local\Temp\jansi-2.4.1-66ade4f61bd44300-jansi.dll
0x00007ffe18cc0000 - 0x00007ffe18cd0000 	C:\Users\jess.dworcan\.jdks\corretto-17.0.14\bin\verify.dll

dbghelp: loaded successfully - version: 4.0.5 - missing functions: none
symbol engine: initialized successfully - sym options: 0x614 - pdb path: .;C:\Users\jess.dworcan\.jdks\corretto-17.0.14\bin;C:\Windows\SYSTEM32;C:\Windows\WinSxS\amd64_microsoft.windows.common-controls_6595b64144ccf1df_6.0.22621.5262_none_2712bde373830908;C:\Users\jess.dworcan\.jdks\corretto-17.0.14\bin\server;C:\Program Files\JetBrains\IntelliJ IDEA Community Edition 2024.2.3\bin;C:\Users\jess.dworcan\AppData\Local\Temp

VM Arguments:
jvm_args: -Dmaven.multiModuleProjectDirectory=C:\Development\retirementCalculator -Djansi.passthrough=true -Dmaven.home=C:\Users\jess.dworcan\.m2\wrapper\dists\apache-maven-3.9.9-bin\4nf9hui3q3djbarqar9g711ggc\apache-maven-3.9.9 -Dclassworlds.conf=C:\Users\jess.dworcan\.m2\wrapper\dists\apache-maven-3.9.9-bin\4nf9hui3q3djbarqar9g711ggc\apache-maven-3.9.9\bin\m2.conf -Dmaven.ext.class.path=C:\Program Files\JetBrains\IntelliJ IDEA Community Edition 2024.2.3\plugins\maven\lib\maven-event-listener.jar -javaagent:C:\Program Files\JetBrains\IntelliJ IDEA Community Edition 2024.2.3\lib\idea_rt.jar=62112:C:\Program Files\JetBrains\IntelliJ IDEA Community Edition 2024.2.3\bin -Dfile.encoding=UTF-8 
java_command: org.codehaus.classworlds.Launcher -Didea.version=2024.2.3 clean install
java_class_path (initial): C:\Users\jess.dworcan\.m2\wrapper\dists\apache-maven-3.9.9-bin\4nf9hui3q3djbarqar9g711ggc\apache-maven-3.9.9\boot\plexus-classworlds-2.8.0.jar;C:\Users\jess.dworcan\.m2\wrapper\dists\apache-maven-3.9.9-bin\4nf9hui3q3djbarqar9g711ggc\apache-maven-3.9.9\boot\plexus-classworlds.license
Launcher Type: SUN_STANDARD

[Global flags]
     intx CICompilerCount                          = 12                                        {product} {ergonomic}
     uint ConcGCThreads                            = 4                                         {product} {ergonomic}
     uint G1ConcRefinementThreads                  = 15                                        {product} {ergonomic}
   size_t G1HeapRegionSize                         = 2097152                                   {product} {ergonomic}
    uintx GCDrainStackTargetSize                   = 64                                        {product} {ergonomic}
   size_t InitialHeapSize                          = 264241152                                 {product} {ergonomic}
   size_t MarkStackSize                            = 4194304                                   {product} {ergonomic}
   size_t MaxHeapSize                              = 4215275520                                {product} {ergonomic}
   size_t MaxNewSize                               = 2529165312                                {product} {ergonomic}
   size_t MinHeapDeltaBytes                        = 2097152                                   {product} {ergonomic}
   size_t MinHeapSize                              = 8388608                                   {product} {ergonomic}
    uintx NonNMethodCodeHeapSize                   = 7602480                                {pd product} {ergonomic}
    uintx NonProfiledCodeHeapSize                  = 122027880                              {pd product} {ergonomic}
    uintx ProfiledCodeHeapSize                     = 122027880                              {pd product} {ergonomic}
    uintx ReservedCodeCacheSize                    = 251658240                              {pd product} {ergonomic}
     bool SegmentedCodeCache                       = true                                      {product} {ergonomic}
   size_t SoftMaxHeapSize                          = 4215275520                             {manageable} {ergonomic}
     bool UseCompressedClassPointers               = true                           {product lp64_product} {ergonomic}
     bool UseCompressedOops                        = true                           {product lp64_product} {ergonomic}
     bool UseG1GC                                  = true                                      {product} {ergonomic}
     bool UseLargePagesIndividualAllocation        = false                                  {pd product} {ergonomic}

Logging:
Log output configuration:
 #0: stdout all=warning uptime,level,tags
 #1: stderr all=off uptime,level,tags

Environment Variables:
JAVA_HOME=C:\Program Files\Eclipse Adoptium\jdk-21.0.6.7-hotspot\
PATH=C:\Program Files\Eclipse Adoptium\jdk-21.0.6.7-hotspot\bin;C:\Windows\system32;C:\Windows;C:\Windows\System32\Wbem;C:\Windows\System32\WindowsPowerShell\v1.0\;C:\Windows\System32\OpenSSH\;C:\Program Files\Microsoft SQL Server\150\Tools\Binn\;C:\Program Files\Microsoft SQL Server\Client SDK\ODBC\170\Tools\Binn\;C:\Program Files\dotnet\;C:\apache-maven-3.9.9\bin;C:\Program Files (x86)\Microsoft SQL Server\150\Tools\Binn\;C:\Program Files (x86)\Microsoft SQL Server\150\DTS\Binn\;C:\Program Files\Microsoft SQL Server\150\DTS\Binn\;C:\Program Files (x86)\Microsoft SQL Server\160\DTS\Binn\;C:\Program Files\GitExtensions\;C:\Users\jess.dworcan\AppData\Roaming\npm;C:\Program Files\Calibre2\;C:\Program Files\TortoiseGit\bin;c:\Users\jess.dworcan\AppData\Local\Programs\cursor\resources\app\bin;C:\Program Files\nodejs\;C:\Program Files\Git\cmd;C:\Program Files\RedHat\Podman\;C:\Users\jess.dworcan\AppData\Local\Programs\Python\Python313\Scripts\;C:\Users\jess.dworcan\AppData\Local\Programs\Python\Python313\;C:\Users\jess.dworcan\AppData\Local\Microsoft\WindowsApps;C:\Users\jess.dworcan\AppData\Local\Programs\Microsoft VS Code\bin;C:\Users\jess.dworcan\.dotnet\tools;C:\Program Files\JetBrains\WebStorm 2024.3.2.1\bin;C:\Users\jess.dworcan\AppData\Local\gitkraken\bin;C:\Users\jess.dworcan\AppData\Local\JetBrains\Toolbox\scripts;C:\Users\jess.dworcan\AppData\Local\Programs\cursor\resources\app\bin;C:\Users\jess.dworcan\.lmstudio\bin
USERNAME=jess.dworcan
OS=Windows_NT
PROCESSOR_IDENTIFIER=Intel64 Family 6 Model 183 Stepping 1, GenuineIntel
TMP=C:\Users\JESS~1.DWO\AppData\Local\Temp
TEMP=C:\Users\JESS~1.DWO\AppData\Local\Temp



Periodic native trim disabled


---------------  S Y S T E M  ---------------

OS:
 Windows 11 , 64 bit Build 22621 (10.0.22621.5262)
OS uptime: 2 days 13:53 hours
Hyper-V role detected

CPU: total 20 (initial active 20) (10 cores per cpu, 2 threads per core) family 6 model 183 stepping 1 microcode 0x129, cx8, cmov, fxsr, ht, mmx, 3dnowpref, sse, sse2, sse3, ssse3, sse4.1, sse4.2, popcnt, lzcnt, tsc, tscinvbit, avx, avx2, aes, erms, clmul, bmi1, bmi2, adx, sha, fma, vzeroupper, clflush, clflushopt, clwb, hv
Processor Information for processor 0
  Max Mhz: 2600, Current Mhz: 2600, Mhz Limit: 2600
Processor Information for processor 1
  Max Mhz: 2600, Current Mhz: 1496, Mhz Limit: 2600
Processor Information for processor 2
  Max Mhz: 2600, Current Mhz: 2600, Mhz Limit: 2600
Processor Information for processor 3
  Max Mhz: 2600, Current Mhz: 2600, Mhz Limit: 2600
Processor Information for processor 4
  Max Mhz: 2600, Current Mhz: 2600, Mhz Limit: 2600
Processor Information for processor 5
  Max Mhz: 2600, Current Mhz: 2600, Mhz Limit: 2600
Processor Information for processor 6
  Max Mhz: 2600, Current Mhz: 2600, Mhz Limit: 2600
Processor Information for processor 7
  Max Mhz: 2600, Current Mhz: 2600, Mhz Limit: 2600
Processor Information for processor 8
  Max Mhz: 2600, Current Mhz: 2600, Mhz Limit: 2600
Processor Information for processor 9
  Max Mhz: 2600, Current Mhz: 2600, Mhz Limit: 2600
Processor Information for processor 10
  Max Mhz: 2600, Current Mhz: 2600, Mhz Limit: 2600
Processor Information for processor 11
  Max Mhz: 2600, Current Mhz: 2600, Mhz Limit: 2600
Processor Information for processor 12
  Max Mhz: 2600, Current Mhz: 1900, Mhz Limit: 1898
Processor Information for processor 13
  Max Mhz: 2600, Current Mhz: 1900, Mhz Limit: 1898
Processor Information for processor 14
  Max Mhz: 2600, Current Mhz: 1900, Mhz Limit: 1898
Processor Information for processor 15
  Max Mhz: 2600, Current Mhz: 1900, Mhz Limit: 1898
Processor Information for processor 16
  Max Mhz: 2600, Current Mhz: 1900, Mhz Limit: 1898
Processor Information for processor 17
  Max Mhz: 2600, Current Mhz: 1500, Mhz Limit: 1898
Processor Information for processor 18
  Max Mhz: 2600, Current Mhz: 1500, Mhz Limit: 1898
Processor Information for processor 19
  Max Mhz: 2600, Current Mhz: 1900, Mhz Limit: 1898

Memory: 4k page, system-wide physical 16076M (354M free)
TotalPageFile size 65228M (AvailPageFile size 46M)
current process WorkingSet (physical memory assigned to process): 158M, peak: 158M
current process commit charge ("private bytes"): 401M, peak: 404M

vm_info: OpenJDK 64-Bit Server VM (17.0.14+7-LTS) for windows-amd64 JRE (17.0.14+7-LTS), built on Jan  7 2025 20:14:24 by "Administrator" with MS VC++ 16.10 / 16.11 (VS2019)

END.
